2025-05-07 16:26:59,353 - INFO - OKX市場數據加載成功，共2398個交易對
2025-05-07 16:26:59,354 - INFO - 
==================================================
開始生成交易對信息文件
2025-05-07 16:26:59,355 - INFO - 處理交易對成功: BTC-USDT
2025-05-07 16:26:59,355 - INFO - 處理交易對成功: ETH-USDT
2025-05-07 16:26:59,408 - INFO - 成功保存 2 個交易對信息到 crypto_data\_instruments.parquet
2025-05-07 16:26:59,408 - INFO - 
==================================================
開始獲取 BTC-USDT 數據
2025-05-07 16:26:59,410 - INFO - 開始獲取 BTC/USDT:USDT 數據，時間範圍: 2025-04-30 20:26:59.409000 至 2025-05-07 20:26:59.409000
2025-05-07 16:26:59,666 - INFO - 進度: 2.9%, 已獲取 100 條數據
2025-05-07 16:27:00,017 - INFO - 進度: 5.9%, 已獲取 200 條數據
2025-05-07 16:27:00,844 - INFO - 進度: 8.9%, 已獲取 300 條數據
2025-05-07 16:27:01,202 - INFO - 進度: 11.9%, 已獲取 400 條數據
2025-05-07 16:27:01,554 - INFO - 進度: 14.9%, 已獲取 500 條數據
2025-05-07 16:27:01,904 - INFO - 進度: 17.8%, 已獲取 600 條數據
2025-05-07 16:27:02,251 - INFO - 進度: 20.8%, 已獲取 700 條數據
2025-05-07 16:27:02,606 - INFO - 進度: 23.8%, 已獲取 800 條數據
2025-05-07 16:27:02,968 - INFO - 進度: 26.8%, 已獲取 900 條數據
2025-05-07 16:27:03,463 - INFO - 進度: 29.7%, 已獲取 1000 條數據
2025-05-07 16:27:03,815 - INFO - 進度: 32.7%, 已獲取 1100 條數據
2025-05-07 16:27:04,167 - INFO - 進度: 35.7%, 已獲取 1200 條數據
2025-05-07 16:27:04,528 - INFO - 進度: 38.7%, 已獲取 1300 條數據
2025-05-07 16:27:04,898 - INFO - 進度: 41.6%, 已獲取 1400 條數據
2025-05-07 16:27:05,243 - INFO - 進度: 44.6%, 已獲取 1500 條數據
2025-05-07 16:27:05,593 - INFO - 進度: 47.6%, 已獲取 1600 條數據
2025-05-07 16:27:05,945 - INFO - 進度: 50.6%, 已獲取 1700 條數據
2025-05-07 16:27:06,296 - INFO - 進度: 53.5%, 已獲取 1800 條數據
2025-05-07 16:27:06,654 - INFO - 進度: 56.5%, 已獲取 1900 條數據
2025-05-07 16:27:07,006 - INFO - 進度: 59.5%, 已獲取 2000 條數據
2025-05-07 16:27:07,351 - INFO - 進度: 62.5%, 已獲取 2100 條數據
2025-05-07 16:27:07,693 - INFO - 進度: 65.4%, 已獲取 2200 條數據
2025-05-07 16:27:08,029 - INFO - 進度: 68.4%, 已獲取 2300 條數據
2025-05-07 16:27:08,372 - INFO - 進度: 71.4%, 已獲取 2400 條數據
2025-05-07 16:27:08,721 - INFO - 進度: 74.4%, 已獲取 2500 條數據
2025-05-07 16:27:09,052 - INFO - 進度: 77.4%, 已獲取 2600 條數據
2025-05-07 16:27:09,391 - INFO - 進度: 80.3%, 已獲取 2700 條數據
2025-05-07 16:27:09,727 - INFO - 進度: 83.3%, 已獲取 2800 條數據
2025-05-07 16:27:10,074 - INFO - 進度: 86.3%, 已獲取 2900 條數據
2025-05-07 16:27:10,415 - INFO - 進度: 89.3%, 已獲取 3000 條數據
2025-05-07 16:27:10,760 - INFO - 進度: 92.2%, 已獲取 3100 條數據
2025-05-07 16:27:11,097 - INFO - 進度: 95.2%, 已獲取 3200 條數據
2025-05-07 16:27:11,649 - INFO - 進度: 98.2%, 已獲取 3300 條數據
2025-05-07 16:27:12,150 - INFO - 進度: 100.0%, 已獲取 3361 條數據
2025-05-07 16:27:12,164 - INFO - 成功保存 3361 條數據到 crypto_data\BTC-USDT.parquet
2025-05-07 16:27:12,268 - INFO - 成功獲取 3361 條 BTC/USDT:USDT 數據
2025-05-07 16:27:12,269 - INFO - 成功獲取 BTC-USDT 數據，共 3361 條
2025-05-07 16:27:12,270 - INFO - 
==================================================
開始獲取 ETH-USDT 數據
2025-05-07 16:27:12,273 - INFO - 開始獲取 ETH/USDT:USDT 數據，時間範圍: 2025-04-30 20:27:12.271000 至 2025-05-07 20:27:12.271000
2025-05-07 16:27:12,525 - INFO - 進度: 3.0%, 已獲取 100 條數據
2025-05-07 16:27:12,883 - INFO - 進度: 6.0%, 已獲取 200 條數據
2025-05-07 16:27:13,225 - INFO - 進度: 8.9%, 已獲取 300 條數據
2025-05-07 16:27:13,576 - INFO - 進度: 11.9%, 已獲取 400 條數據
2025-05-07 16:27:13,927 - INFO - 進度: 14.9%, 已獲取 500 條數據
2025-05-07 16:27:14,271 - INFO - 進度: 17.9%, 已獲取 600 條數據
2025-05-07 16:27:14,617 - INFO - 進度: 20.8%, 已獲取 700 條數據
2025-05-07 16:27:14,972 - INFO - 進度: 23.8%, 已獲取 800 條數據
2025-05-07 16:27:15,325 - INFO - 進度: 26.8%, 已獲取 900 條數據
2025-05-07 16:27:15,670 - INFO - 進度: 29.8%, 已獲取 1000 條數據
2025-05-07 16:27:16,023 - INFO - 進度: 32.7%, 已獲取 1100 條數據
2025-05-07 16:27:16,383 - INFO - 進度: 35.7%, 已獲取 1200 條數據
2025-05-07 16:27:16,731 - INFO - 進度: 38.7%, 已獲取 1300 條數據
2025-05-07 16:27:17,077 - INFO - 進度: 41.7%, 已獲取 1400 條數據
2025-05-07 16:27:17,420 - INFO - 進度: 44.6%, 已獲取 1500 條數據
2025-05-07 16:27:17,781 - INFO - 進度: 47.6%, 已獲取 1600 條數據
2025-05-07 16:27:18,272 - INFO - 進度: 50.6%, 已獲取 1700 條數據
2025-05-07 16:27:18,620 - INFO - 進度: 53.6%, 已獲取 1800 條數據
2025-05-07 16:27:18,967 - INFO - 進度: 56.5%, 已獲取 1900 條數據
2025-05-07 16:27:19,315 - INFO - 進度: 59.5%, 已獲取 2000 條數據
2025-05-07 16:27:19,649 - INFO - 進度: 62.5%, 已獲取 2100 條數據
2025-05-07 16:27:19,994 - INFO - 進度: 65.5%, 已獲取 2200 條數據
2025-05-07 16:27:20,328 - INFO - 進度: 68.5%, 已獲取 2300 條數據
2025-05-07 16:27:20,669 - INFO - 進度: 71.4%, 已獲取 2400 條數據
2025-05-07 16:27:21,006 - INFO - 進度: 74.4%, 已獲取 2500 條數據
2025-05-07 16:27:21,349 - INFO - 進度: 77.4%, 已獲取 2600 條數據
2025-05-07 16:27:21,688 - INFO - 進度: 80.4%, 已獲取 2700 條數據
2025-05-07 16:27:22,028 - INFO - 進度: 83.3%, 已獲取 2800 條數據
2025-05-07 16:27:22,365 - INFO - 進度: 86.3%, 已獲取 2900 條數據
2025-05-07 16:27:22,708 - INFO - 進度: 89.3%, 已獲取 3000 條數據
2025-05-07 16:27:23,081 - INFO - 進度: 92.3%, 已獲取 3100 條數據
2025-05-07 16:27:23,431 - INFO - 進度: 95.2%, 已獲取 3200 條數據
2025-05-07 16:27:23,774 - INFO - 進度: 98.2%, 已獲取 3300 條數據
2025-05-07 16:27:24,117 - INFO - 進度: 100.0%, 已獲取 3360 條數據
2025-05-07 16:27:24,460 - INFO - 沒有更多數據可用
2025-05-07 16:27:24,470 - INFO - 成功保存 3360 條數據到 crypto_data\ETH-USDT.parquet
2025-05-07 16:27:24,470 - INFO - 成功獲取 3360 條 ETH/USDT:USDT 數據
2025-05-07 16:27:24,471 - INFO - 成功獲取 ETH-USDT 數據，共 3360 條
